
ae6300M-22-22-150# 
ae6300M-22-22-150# 
ae6300M-22-22-150# no page
ae6300M-22-22-150# 
ae6300M-22-22-150# show snmp system
SNMP system information
----------------------------
System description : FL.10.13.1161
System location : TP3DC 86/3105 CTC Servers
ae6300M-22-22-150# show system | inc Product
Product Name           : S0E91A 6300M 48SR10 CL8 PoE 4p100G Sw
ae6300M-22-22-150# show interfaces brief
Invalid input: interfaces
ae6300M-22-22-150# show vsf

Force Autojoin             : Disabled
Autojoin Eligibility Status: Not Eligible
MAC Address                : e8:1c:a5:d2:ca:80
Egress Shape Rate          : None
Secondary                  :   
Topology                   : Ring
Status                     : No Split
Split Detection Method     : None


Mbr Mac Address         type           Status   
ID
--- ------------------- -------------- ---------------
1   e8:1c:a5:d2:ca:80   S0E91A         Conductor
2   e8:1c:a5:d2:9a:80   S0E91A         Member
ae6300M-22-22-150# 
ae6300M-22-22-150# exit