
Last login: 2026-06-05 21:49:32 from 128.40.19.73
User "cceadan" has logged in 17 times in the past 30 days
ae6300M-22-22-2# 
ae6300M-22-22-2# 
ae6300M-22-22-2# no page
ae6300M-22-22-2# 
ae6300M-22-22-2# show snmp system
SNMP system information
----------------------------
System description : FL.10.13.1040
System location : Maple House, 2nd Floor, Wing 2B
ae6300M-22-22-2# show system | inc Product
Product Name           : S0E91A 6300M 48SR10 CL8 PoE 4p100G Sw
ae6300M-22-22-2# show interfaces brief
Invalid input: interfaces
ae6300M-22-22-2# show vsf

Force Autojoin             : Disabled
Autojoin Eligibility Status: Not Eligible
MAC Address                : e8:1c:a5:d2:da:40
Egress Shape Rate          : None
Secondary                  : 2
Topology                   : Ring
Status                     : No Split
Split Detection Method     : None


Mbr Mac Address         type           Status   
ID
--- ------------------- -------------- ---------------
1   e8:1c:a5:d2:da:40   S0E91A         Conductor
2   14:7e:19:a4:16:00   S0E91A         Standby
3   00:c8:4e:1d:53:c0   S0E91A         Member
4   00:c8:4e:1e:91:c0   S0E91A         Member
5   00:c8:4e:1d:51:c0   S0E91A         Member
6   00:c8:4e:1d:93:00   S0E91A         Member
7   14:7e:19:a6:98:80   S0E91A         Member
ae6300M-22-22-2# 
ae6300M-22-22-2# exit