
ae6300M-22-16-246# 
ae6300M-22-16-246# 
ae6300M-22-16-246# no page
ae6300M-22-16-246# 
ae6300M-22-16-246# show snmp system
SNMP system information
----------------------------
System description : FL.10.13.1020
System location : Wilkins Building, (Flex 2 - G15), AV Cab 5/22
ae6300M-22-16-246# show system | inc Product
Product Name           : S0E91A 6300M 48SR10 CL8 PoE 4p100G Sw
ae6300M-22-16-246# show interfaces brief
Invalid input: interfaces
ae6300M-22-16-246# show vsf

Force Autojoin             : Disabled
Autojoin Eligibility Status: Not Eligible
MAC Address                : 7c:a8:ec:0d:47:00
Egress Shape Rate          : None
Secondary                  :   
Topology                   : Ring
Status                     : No Split
Split Detection Method     : None


Mbr Mac Address         type           Status   
ID
--- ------------------- -------------- ---------------
1   7c:a8:ec:0d:47:00   S0E91A         Conductor
2   7c:a8:ec:0f:06:40   S0E91A         Member
ae6300M-22-16-246# 
ae6300M-22-16-246# exit