
ae6300M-22-27-50# 
ae6300M-22-27-50# 
ae6300M-22-27-50# no page
ae6300M-22-27-50# 
ae6300M-22-27-50# show snmp system
SNMP system information
----------------------------
System description : FL.10.13.1020
System location : Chadwick Building, Basement B04A, Cab 13/3
ae6300M-22-27-50# show system | inc Product
Product Name           : S0E91A 6300M 48SR10 CL8 PoE 4p100G Sw
ae6300M-22-27-50# show interfaces brief
Invalid input: interfaces
ae6300M-22-27-50# show vsf

Force Autojoin             : Disabled
Autojoin Eligibility Status: Not Eligible
MAC Address                : 7c:a8:ec:0d:f7:c0
Egress Shape Rate          : None
Secondary                  :   
Topology                   : Standalone
Status                     : No Split
Split Detection Method     : None


Mbr Mac Address         type           Status   
ID
--- ------------------- -------------- ---------------
1   7c:a8:ec:0d:f7:c0   S0E91A         Conductor
ae6300M-22-27-50# 
ae6300M-22-27-50# exit