
       *************************************************************
       *         This is a UCL Cisco 9300L-48PF-4X switch          *
       *                                                           *
       *  - WARNING: Authorised access ONLY! Disconnect now if     *
       *    not authorised!                                        *
       *                                                           *
       *  - This system is managed by:                             *
       *                                                           *
       *    Network Operations Dept., Information Systems          *
       *    Division, University College London.                   *
       *                                                           *
       *    Telephone Number: (020)7-6797-350                      *
       *    Email: nwg-ops@ucl.ac.uk                               *
       *                                                           *
       *************************************************************
ce9300-17-41-47>
ce9300-17-41-47>terminal width 511
ce9300-17-41-47>terminal length 0
ce9300-17-41-47>
ce9300-17-41-47>
ce9300-17-41-47>enable
Password: 
ce9300-17-41-47#
ce9300-17-41-47#
ce9300-17-41-47#show snmp location
Anatomy Building, 3rd Floor, Cab 16/13
ce9300-17-41-47#
ce9300-17-41-47#show inventory
NAME: "c93xxL Stack", DESCR: "c93xxL Stack"
PID: C9300L-48PF-4X    , VID: V06  , SN: FVH2723L23V

NAME: "Switch 1", DESCR: "C9300L-48PF-4X"
PID: C9300L-48PF-4X    , VID: V06  , SN: FVH2723L23V

NAME: "Switch 1 - Power Supply A", DESCR: "Switch 1 - Power Supply A"
PID: PWR-C1-1100WAC-P  , VID: V01  , SN: DCC2713D3T9

NAME: "Te1/1/1", DESCR: "SFP-10GBase-CX1"
PID: SFP-H10GB-CU1M      , VID: V03  , SN: MOC1747A9SA     


ce9300-17-41-47#
ce9300-17-41-47#show interfaces status

Port         Name               Status       Vlan       Duplex  Speed Type
Gi1/0/1                         notconnect   51           auto   auto 10/100/1000BaseTX
Gi1/0/2                         notconnect   51           auto   auto 10/100/1000BaseTX
Gi1/0/3                         notconnect   51           auto   auto 10/100/1000BaseTX
Gi1/0/4                         notconnect   51           auto   auto 10/100/1000BaseTX
Gi1/0/5                         notconnect   51           auto   auto 10/100/1000BaseTX
Gi1/0/6                         notconnect   51           auto   auto 10/100/1000BaseTX
Gi1/0/7                         notconnect   51           auto   auto 10/100/1000BaseTX
Gi1/0/8                         notconnect   51           auto   auto 10/100/1000BaseTX
Gi1/0/9                         notconnect   51           auto   auto 10/100/1000BaseTX
Gi1/0/10                        notconnect   51           auto   auto 10/100/1000BaseTX
Gi1/0/11                        notconnect   51           auto   auto 10/100/1000BaseTX
Gi1/0/12                        notconnect   51           auto   auto 10/100/1000BaseTX
Gi1/0/13                        notconnect   51           auto   auto 10/100/1000BaseTX
Gi1/0/14                        notconnect   51           auto   auto 10/100/1000BaseTX
Gi1/0/15                        notconnect   51           auto   auto 10/100/1000BaseTX
Gi1/0/16                        notconnect   51           auto   auto 10/100/1000BaseTX
Gi1/0/17                        notconnect   51           auto   auto 10/100/1000BaseTX
Gi1/0/18                        notconnect   51           auto   auto 10/100/1000BaseTX
Gi1/0/19     16/13/703          notconnect   51           auto   auto 10/100/1000BaseTX
Gi1/0/20                        notconnect   51           auto   auto 10/100/1000BaseTX
Gi1/0/21                        notconnect   51           auto   auto 10/100/1000BaseTX
Gi1/0/22                        notconnect   51           auto   auto 10/100/1000BaseTX
Gi1/0/23                        notconnect   51           auto   auto 10/100/1000BaseTX
Gi1/0/24                        notconnect   51           auto   auto 10/100/1000BaseTX
Gi1/0/25                        notconnect   51           auto   auto 10/100/1000BaseTX
Gi1/0/26                        notconnect   51           auto   auto 10/100/1000BaseTX
Gi1/0/27                        notconnect   51           auto   auto 10/100/1000BaseTX
Gi1/0/28                        connected    51         a-full a-1000 10/100/1000BaseTX
Gi1/0/29                        notconnect   51           auto   auto 10/100/1000BaseTX
Gi1/0/30                        notconnect   51           auto   auto 10/100/1000BaseTX
Gi1/0/31                        notconnect   51           auto   auto 10/100/1000BaseTX
Gi1/0/32                        notconnect   51           auto   auto 10/100/1000BaseTX
Gi1/0/33                        notconnect   51           auto   auto 10/100/1000BaseTX
Gi1/0/34                        notconnect   51           auto   auto 10/100/1000BaseTX
Gi1/0/35                        notconnect   51           auto   auto 10/100/1000BaseTX
Gi1/0/36                        notconnect   51           auto   auto 10/100/1000BaseTX
Gi1/0/37                        notconnect   51           auto   auto 10/100/1000BaseTX
Gi1/0/38                        notconnect   51           auto   auto 10/100/1000BaseTX
Gi1/0/39                        notconnect   51           auto   auto 10/100/1000BaseTX
Gi1/0/40                        notconnect   51           auto   auto 10/100/1000BaseTX
Gi1/0/41                        notconnect   51           auto   auto 10/100/1000BaseTX
Gi1/0/42                        notconnect   51           auto   auto 10/100/1000BaseTX
Gi1/0/43                        notconnect   51           auto   auto 10/100/1000BaseTX
Gi1/0/44                        notconnect   51           auto   auto 10/100/1000BaseTX
Gi1/0/45                        notconnect   51           auto   auto 10/100/1000BaseTX
Gi1/0/46                        notconnect   51           auto   auto 10/100/1000BaseTX
Gi1/0/47                        connected    51         a-full  a-100 10/100/1000BaseTX
Gi1/0/48                        notconnect   51           auto   auto 10/100/1000BaseTX
Te1/1/1                         connected    trunk        full    10G SFP-10GBase-CX1
Te1/1/2                         notconnect   trunk        auto   auto unknown
Te1/1/3                         notconnect   trunk        auto   auto unknown
Te1/1/4                         notconnect   trunk        auto   auto unknown
Ap1/0/1                         connected    1          a-full a-1000 App-hosting port
ce9300-17-41-47#show switch
Switch/Stack Mac Address : 9088.55f5.0f80 - Local Mac Address
Mac persistency wait time: Indefinite
                                             H/W   Current
Switch#   Role    Mac Address     Priority Version  State 
-------------------------------------------------------------------------------------
*1       Active   9088.55f5.0f80     1      V06     Ready                               



ce9300-17-41-47#
ce9300-17-41-47#exit
