
ae6300M-22-16-49# 
ae6300M-22-16-49# 
ae6300M-22-16-49# no page
ae6300M-22-16-49# 
ae6300M-22-16-49# show snmp system
SNMP system information
----------------------------
System description : FL.10.13.1020
System location : North West Wing, Cab 3/1, Room B06 MER
ae6300M-22-16-49# show system | inc Product
Product Name           : S0E91A 6300M 48SR10 CL8 PoE 4p100G Sw
ae6300M-22-16-49# show interfaces brief
Invalid input: interfaces
ae6300M-22-16-49# show vsf

Force Autojoin             : Disabled
Autojoin Eligibility Status: Not Eligible
MAC Address                : 7c:a8:ec:0d:b7:40
Egress Shape Rate          : None
Secondary                  :   
Topology                   : Standalone
Status                     : No Split
Split Detection Method     : None


Mbr Mac Address         type           Status   
ID
--- ------------------- -------------- ---------------
1   7c:a8:ec:0d:b7:40   S0E91A         Conductor
ae6300M-22-16-49# 
ae6300M-22-16-49# exit