

       *************************************************************
       *         This is a UCL AV c1000 series  switch             *
       *                                                           *
       *  - WARNING: Authorised access ONLY! Disconnect now if     *
       *    not authorised!                                        *
       *                                                           *
       *  - This system is managed by:                             *
       *                                                           *
       *    Network Operations Dept., Information Systems          *
       *    Division, University College London.                   *
       *                                                           *
       *    Telephone Number: (020)7-6797-350                      *
       *    Email: nwg-ops@ucl.ac.uk                               *
       *                                                           *
       *************************************************************
ce1000-17-4-164>
ce1000-17-4-164>terminal width 511
ce1000-17-4-164>terminal length 0
ce1000-17-4-164>
ce1000-17-4-164>
ce1000-17-4-164>enable
Password: 
ce1000-17-4-164#
ce1000-17-4-164#
ce1000-17-4-164#show snmp location
Chandler House B01
ce1000-17-4-164#
ce1000-17-4-164#show inventory
NAME: "1", DESCR: "C1000-16FP-2G-L"
PID: C1000-16FP-2G-L   , VID: V02  , SN: FOC2821Y1C7


ce1000-17-4-164#
ce1000-17-4-164#show interfaces status

Port      Name               Status       Vlan       Duplex  Speed Type 
Gi1/0/1                      connected    530        a-full  a-100 10/100/1000BaseTX
Gi1/0/2                      connected    530        a-full  a-100 10/100/1000BaseTX
Gi1/0/3                      connected    530        a-full a-1000 10/100/1000BaseTX
Gi1/0/4                      connected    909        a-full  a-100 10/100/1000BaseTX
Gi1/0/5                      connected    909        a-full a-1000 10/100/1000BaseTX
Gi1/0/6                      connected    909        a-full a-1000 10/100/1000BaseTX
Gi1/0/7                      connected    909        a-full  a-100 10/100/1000BaseTX
Gi1/0/8                      connected    909        a-full a-1000 10/100/1000BaseTX
Gi1/0/9                      connected    909        a-full  a-100 10/100/1000BaseTX
Gi1/0/10                     connected    909        a-full  a-100 10/100/1000BaseTX
Gi1/0/11                     connected    909        a-full a-1000 10/100/1000BaseTX
Gi1/0/12                     connected    909        a-full a-1000 10/100/1000BaseTX
Gi1/0/13                     connected    530        a-full  a-100 10/100/1000BaseTX
Gi1/0/14                     connected    14         a-full a-1000 10/100/1000BaseTX
Gi1/0/15                     connected    712        a-full a-1000 10/100/1000BaseTX
Gi1/0/16                     connected    trunk      a-full a-1000 10/100/1000BaseTX
Gi1/0/17                     notconnect   trunk        auto   auto Not Present
Gi1/0/18                     notconnect   trunk        auto   auto Not Present
ce1000-17-4-164#show switch
Switch/Stack Mac Address : 9c38.18a4.3f00
                                           H/W   Current
Switch#  Role   Mac Address     Priority Version  State 
----------------------------------------------------------
*1       Master 9c38.18a4.3f00     1      0       Ready               



ce1000-17-4-164#
ce1000-17-4-164#exit
