
       *************************************************************
       *         This is a UCL Cisco 2960X-24P switch              *
       *                                                           *
       *  - WARNING: Authorised access ONLY! Disconnect now if     *
       *    not authorised!                                        *
       *                                                           *
       *  - This system is managed by:                             *
       *                                                           *
       *    Network Operations Dept., Information Systems          *
       *    Division, University College London.                   *
       *                                                           *
       *    Telephone Number: (020)7-6797-350                      *
       *    Email: nwg-ops@ucl.ac.uk                               *
       *                                                           *
       *************************************************************
ce2960x-17-38-87>
ce2960x-17-38-87>terminal width 511
ce2960x-17-38-87>terminal length 0
ce2960x-17-38-87>
ce2960x-17-38-87>
ce2960x-17-38-87>enable
Password: 
ce2960x-17-38-87#
ce2960x-17-38-87#
ce2960x-17-38-87#show snmp location
Belnor House
ce2960x-17-38-87#
ce2960x-17-38-87#show inventory
NAME: "1", DESCR: "WS-C2960X-24PD-L"
PID: WS-C2960X-24PD-L  , VID: V03  , SN: FOC2002S4UT

NAME: "GigabitEthernet1/0/26", DESCR: "10/100/1000BaseTX SFP"
PID: GLC-T             , VID:      , SN: AGM173722NF     


ce2960x-17-38-87#
ce2960x-17-38-87#show interfaces status

Port      Name               Status       Vlan       Duplex  Speed Type 
Gi1/0/1                      notconnect   35           auto   auto 10/100/1000BaseTX
Gi1/0/2                      notconnect   35           auto   auto 10/100/1000BaseTX
Gi1/0/3                      notconnect   35           auto   auto 10/100/1000BaseTX
Gi1/0/4                      notconnect   35           auto   auto 10/100/1000BaseTX
Gi1/0/5                      notconnect   35           auto   auto 10/100/1000BaseTX
Gi1/0/6                      notconnect   35           auto   auto 10/100/1000BaseTX
Gi1/0/7                      notconnect   35           auto   auto 10/100/1000BaseTX
Gi1/0/8                      notconnect   35           auto   auto 10/100/1000BaseTX
Gi1/0/9                      notconnect   35           auto   auto 10/100/1000BaseTX
Gi1/0/10                     notconnect   35           auto   auto 10/100/1000BaseTX
Gi1/0/11                     notconnect   35           auto   auto 10/100/1000BaseTX
Gi1/0/12                     notconnect   35           auto   auto 10/100/1000BaseTX
Gi1/0/13                     notconnect   35           auto   auto 10/100/1000BaseTX
Gi1/0/14                     notconnect   35           auto   auto 10/100/1000BaseTX
Gi1/0/15                     notconnect   35           auto   auto 10/100/1000BaseTX
Gi1/0/16                     notconnect   35           auto   auto 10/100/1000BaseTX
Gi1/0/17                     notconnect   35           auto   auto 10/100/1000BaseTX
Gi1/0/18                     notconnect   35           auto   auto 10/100/1000BaseTX
Gi1/0/19                     notconnect   35           auto   auto 10/100/1000BaseTX
Gi1/0/20                     notconnect   35           auto   auto 10/100/1000BaseTX
Gi1/0/21  Auto Dialler devic connected    832        a-full  a-100 10/100/1000BaseTX
Gi1/0/22                     notconnect   35           auto   auto 10/100/1000BaseTX
Gi1/0/23                     notconnect   35           auto   auto 10/100/1000BaseTX
Gi1/0/24                     notconnect   trunk        auto   auto 10/100/1000BaseTX
Gi1/0/26                     connected    trunk      a-full a-1000 10/100/1000BaseTX SFP
Te1/0/1                      notconnect   trunk        full    10G Not Present
Fa0                          disabled     routed       auto   auto 10/100BaseTX
ce2960x-17-38-87#show switch
Switch/Stack Mac Address : 008e.733e.2300
                                           H/W   Current
Switch#  Role   Mac Address     Priority Version  State 
----------------------------------------------------------
*1       Master 008e.733e.2300     1      4       Ready               



ce2960x-17-38-87#
ce2960x-17-38-87#exit
